[debug] [2023-04-09T14:31:52.363Z] ----------------------------------------------------------------------
[debug] [2023-04-09T14:31:52.365Z] Command:       C:\Avans\node.exe C:\Users\wesse\AppData\Roaming\npm\node_modules\firebase-tools\lib\bin\firebase.js init
[debug] [2023-04-09T14:31:52.366Z] CLI Version:   11.25.3
[debug] [2023-04-09T14:31:52.366Z] Platform:      win32
[debug] [2023-04-09T14:31:52.366Z] Node Version:  v16.13.0
[debug] [2023-04-09T14:31:52.367Z] Time:          Sun Apr 09 2023 16:31:52 GMT+0200 (Central European Summer Time)
[debug] [2023-04-09T14:31:52.367Z] ----------------------------------------------------------------------
[debug] 
[debug] [2023-04-09T14:31:52.391Z] > command requires scopes: ["email","openid","https://www.googleapis.com/auth/cloudplatformprojects.readonly","https://www.googleapis.com/auth/firebase","https://www.googleapis.com/auth/cloud-platform"]
[debug] [2023-04-09T14:31:52.391Z] > authorizing via signed-in user (wessieboy03@gmail.com)
[info] 
     ######## #### ########  ######## ########     ###     ######  ########
     ##        ##  ##     ## ##       ##     ##  ##   ##  ##       ##
     ######    ##  ########  ######   ########  #########  ######  ######
     ##        ##  ##    ##  ##       ##     ## ##     ##       ## ##
     ##       #### ##     ## ######## ########  ##     ##  ######  ########

You're about to initialize a Firebase project in this directory:

  C:\Avans\Leerjaar2\Periode2\CSFW\nx-pokemon\apps

Before we get started, keep in mind:

  * You are currently outside your home directory

[info] 
=== Project Setup
[info] 
[info] First, let's associate this project directory with a Firebase project.
[info] You can create multiple project aliases by running firebase use --add, 
[info] but for now we'll just set up a default project.
[info] 
[debug] [2023-04-09T14:32:07.887Z] > refreshing access token with scopes: []
[debug] [2023-04-09T14:32:07.891Z] >>> [apiv2][query] POST https://www.googleapis.com/oauth2/v3/token [none]
[debug] [2023-04-09T14:32:07.891Z] >>> [apiv2][body] POST https://www.googleapis.com/oauth2/v3/token [omitted]
[debug] [2023-04-09T14:32:08.121Z] <<< [apiv2][status] POST https://www.googleapis.com/oauth2/v3/token 400
[debug] [2023-04-09T14:32:08.122Z] <<< [apiv2][body] POST https://www.googleapis.com/oauth2/v3/token [omitted]
[debug] [2023-04-09T14:32:08.124Z] >>> [apiv2][query] GET https://firebase.googleapis.com/v1beta1/projects pageSize=100
[debug] [2023-04-09T14:32:08.284Z] <<< [apiv2][status] GET https://firebase.googleapis.com/v1beta1/projects 401
[debug] [2023-04-09T14:32:08.285Z] <<< [apiv2][body] GET https://firebase.googleapis.com/v1beta1/projects [omitted]
[debug] [2023-04-09T14:32:08.287Z] HTTP Error: 401, Request had invalid authentication credentials. Expected OAuth 2 access token, login cookie or other valid authentication credential. See https://developers.google.com/identity/sign-in/web/devconsole-project.
[debug] [2023-04-09T14:32:08.428Z] FirebaseError: HTTP Error: 401, Request had invalid authentication credentials. Expected OAuth 2 access token, login cookie or other valid authentication credential. See https://developers.google.com/identity/sign-in/web/devconsole-project.
    at responseToError (C:\Users\wesse\AppData\Roaming\npm\node_modules\firebase-tools\lib\responseToError.js:49:12)
    at RetryOperation._fn (C:\Users\wesse\AppData\Roaming\npm\node_modules\firebase-tools\lib\apiv2.js:288:77)
    at processTicksAndRejections (node:internal/process/task_queues:96:5)
[error] 
[error] Error: Failed to list Firebase projects. See firebase-debug.log for more info.
[debug] [2023-04-09T14:32:14.238Z] ----------------------------------------------------------------------
[debug] [2023-04-09T14:32:14.240Z] Command:       C:\Avans\node.exe C:\Users\wesse\AppData\Roaming\npm\node_modules\firebase-tools\lib\bin\firebase.js init
[debug] [2023-04-09T14:32:14.241Z] CLI Version:   11.25.3
[debug] [2023-04-09T14:32:14.241Z] Platform:      win32
[debug] [2023-04-09T14:32:14.245Z] Node Version:  v16.13.0
[debug] [2023-04-09T14:32:14.246Z] Time:          Sun Apr 09 2023 16:32:14 GMT+0200 (Central European Summer Time)
[debug] [2023-04-09T14:32:14.246Z] ----------------------------------------------------------------------
[debug] 
[debug] [2023-04-09T14:32:14.266Z] > command requires scopes: ["email","openid","https://www.googleapis.com/auth/cloudplatformprojects.readonly","https://www.googleapis.com/auth/firebase","https://www.googleapis.com/auth/cloud-platform"]
[debug] [2023-04-09T14:32:14.266Z] > authorizing via signed-in user (wessieboy03@gmail.com)
[info] 
     ######## #### ########  ######## ########     ###     ######  ########
     ##        ##  ##     ## ##       ##     ##  ##   ##  ##       ##
     ######    ##  ########  ######   ########  #########  ######  ######
     ##        ##  ##    ##  ##       ##     ## ##     ##       ## ##
     ##       #### ##     ## ######## ########  ##     ##  ######  ########

You're about to initialize a Firebase project in this directory:

  C:\Avans\Leerjaar2\Periode2\CSFW\nx-pokemon\apps

Before we get started, keep in mind:

  * You are currently outside your home directory

[info] 
=== Project Setup
[info] 
[info] First, let's associate this project directory with a Firebase project.
[info] You can create multiple project aliases by running firebase use --add, 
[info] but for now we'll just set up a default project.
[info] 
[info] i  If you want to create a project in a Google Cloud organization or folder, please use "firebase projects:create" instead, and return to this command when you've created the project. 
